<?xml version="1.0" encoding="UTF-8"?>
<testsuite xmlns:xsi="http://www.w3.org/2001/XMLSchema-instance" xsi:schemaLocation="https://maven.apache.org/surefire/maven-surefire-plugin/xsd/surefire-test-report.xsd" name="com.newtours.framework.TestRunner" time="102.33" tests="37" errors="0" skipped="0" failures="0">
  <properties>
    <property name="java.runtime.name" value="Java(TM) SE Runtime Environment"/>
    <property name="sun.boot.library.path" value="C:\Program Files\Java\jdk1.8.0_65\jre\bin"/>
    <property name="java.vm.version" value="25.65-b01"/>
    <property name="java.vm.vendor" value="Oracle Corporation"/>
    <property name="maven.multiModuleProjectDirectory" value="G:\workspace\NewTours_Demo"/>
    <property name="java.vendor.url" value="http://java.oracle.com/"/>
    <property name="path.separator" value=";"/>
    <property name="guice.disable.misplaced.annotation.check" value="true"/>
    <property name="java.vm.name" value="Java HotSpot(TM) 64-Bit Server VM"/>
    <property name="file.encoding.pkg" value="sun.io"/>
    <property name="user.script" value=""/>
    <property name="user.country" value="US"/>
    <property name="sun.java.launcher" value="SUN_STANDARD"/>
    <property name="sun.os.patch.level" value=""/>
    <property name="test" value="TestRunner"/>
    <property name="java.vm.specification.name" value="Java Virtual Machine Specification"/>
    <property name="user.dir" value="G:\workspace\NewTours_Demo"/>
    <property name="java.runtime.version" value="1.8.0_65-b17"/>
    <property name="java.awt.graphicsenv" value="sun.awt.Win32GraphicsEnvironment"/>
    <property name="java.endorsed.dirs" value="C:\Program Files\Java\jdk1.8.0_65\jre\lib\endorsed"/>
    <property name="os.arch" value="amd64"/>
    <property name="java.io.tmpdir" value="C:\Users\DEVANK~1\AppData\Local\Temp\"/>
    <property name="line.separator" value="&#10;"/>
    <property name="java.vm.specification.vendor" value="Oracle Corporation"/>
    <property name="user.variant" value=""/>
    <property name="os.name" value="Windows 8.1"/>
    <property name="classworlds.conf" value="C:\apache-maven-3.5.0\bin\..\bin\m2.conf"/>
    <property name="sun.jnu.encoding" value="Cp1252"/>
    <property name="java.library.path" value="C:\Program Files\Java\jdk1.8.0_65\bin;C:\Windows\Sun\Java\bin;C:\Windows\system32;C:\Windows;C:\ProgramData\Oracle\Java\javapath;c:\Program Files (x86)\Intel\iCLS Client\;c:\Program Files\Intel\iCLS Client\;C:\Windows\system32;C:\Windows;C:\Windows\System32\Wbem;C:\Windows\System32\WindowsPowerShell\v1.0\;C:\Program Files\Intel\Intel(R) Management Engine Components\DAL;C:\Program Files\Intel\Intel(R) Management Engine Components\IPT;C:\Program Files (x86)\Intel\Intel(R) Management Engine Components\DAL;C:\Program Files (x86)\Intel\Intel(R) Management Engine Components\IPT;c:\Program Files (x86)\ATI Technologies\ATI.ACE\Core-Static;C:\Program Files (x86)\HP\LoadRunner\strawberry-perl\perl\bin;C:\Program Files (x86)\Windows Live\Shared;C:\Program Files\Java\jdk1.8.0_65\bin;C:\apache-maven-3.5.0\bin;C:\Program Files (x86)\Skype\Phone\;."/>
    <property name="maven.conf" value="C:\apache-maven-3.5.0\bin\../conf"/>
    <property name="java.specification.name" value="Java Platform API Specification"/>
    <property name="java.class.version" value="52.0"/>
    <property name="sun.management.compiler" value="HotSpot 64-Bit Tiered Compilers"/>
    <property name="os.version" value="6.3"/>
    <property name="library.jansi.path" value="C:\apache-maven-3.5.0\bin\..\lib\jansi-native\windows64"/>
    <property name="user.home" value="C:\Users\Devank Chawla"/>
    <property name="user.timezone" value="Europe/London"/>
    <property name="java.awt.printerjob" value="sun.awt.windows.WPrinterJob"/>
    <property name="java.specification.version" value="1.8"/>
    <property name="file.encoding" value="Cp1252"/>
    <property name="user.name" value="Devank Chawla"/>
    <property name="java.class.path" value="C:\apache-maven-3.5.0\bin\..\boot\plexus-classworlds-2.5.2.jar"/>
    <property name="java.vm.specification.version" value="1.8"/>
    <property name="sun.arch.data.model" value="64"/>
    <property name="java.home" value="C:\Program Files\Java\jdk1.8.0_65\jre"/>
    <property name="sun.java.command" value="org.codehaus.plexus.classworlds.launcher.Launcher test -Dtest=TestRunner -DBatchFile=G:\workspace\NewTours_Demo\Newtours.bat"/>
    <property name="java.specification.vendor" value="Oracle Corporation"/>
    <property name="user.language" value="en"/>
    <property name="awt.toolkit" value="sun.awt.windows.WToolkit"/>
    <property name="java.vm.info" value="mixed mode"/>
    <property name="java.version" value="1.8.0_65"/>
    <property name="java.ext.dirs" value="C:\Program Files\Java\jdk1.8.0_65\jre\lib\ext;C:\Windows\Sun\Java\lib\ext"/>
    <property name="sun.boot.class.path" value="C:\Program Files\Java\jdk1.8.0_65\jre\lib\resources.jar;C:\Program Files\Java\jdk1.8.0_65\jre\lib\rt.jar;C:\Program Files\Java\jdk1.8.0_65\jre\lib\sunrsasign.jar;C:\Program Files\Java\jdk1.8.0_65\jre\lib\jsse.jar;C:\Program Files\Java\jdk1.8.0_65\jre\lib\jce.jar;C:\Program Files\Java\jdk1.8.0_65\jre\lib\charsets.jar;C:\Program Files\Java\jdk1.8.0_65\jre\lib\jfr.jar;C:\Program Files\Java\jdk1.8.0_65\jre\classes"/>
    <property name="sun.stderr.encoding" value="cp437"/>
    <property name="java.vendor" value="Oracle Corporation"/>
    <property name="maven.home" value="C:\apache-maven-3.5.0\bin\.."/>
    <property name="file.separator" value="\"/>
    <property name="java.vendor.url.bug" value="http://bugreport.sun.com/bugreport/"/>
    <property name="sun.cpu.endian" value="little"/>
    <property name="sun.io.unicode.encoding" value="UnicodeLittle"/>
    <property name="BatchFile" value="G:\workspace\NewTours_Demo\Newtours.bat"/>
    <property name="sun.stdout.encoding" value="cp437"/>
    <property name="sun.desktop" value="windows"/>
    <property name="sun.cpu.isalist" value="amd64"/>
  </properties>
  <testcase name="Given I am on the Homepage page on URL &quot;http://newtours.demoaut.com&quot;" classname="| mercury | mercury |" time="0.002"/>
  <testcase name="Then I should see &quot;Welcome: Mercury Tours&quot;  as page title" classname="| mercury | mercury |" time="0"/>
  <testcase name="When I enter Username as &quot;mercury&quot;" classname="| mercury | mercury |" time="0"/>
  <testcase name="And I enter Password as &quot;mercury&quot;" classname="| mercury | mercury |" time="0.001"/>
  <testcase name="And I click on the Login button" classname="| mercury | mercury |" time="0"/>
  <testcase name="Then I should see the title as &quot;Find a Flight: Mercury Tours:&quot;" classname="| mercury | mercury |" time="0"/>
  <testcase name="| mercury | mercury |" classname="| mercury | mercury |" time="2.095"/>
  <testcase name="Given I navigate to the home page" classname="| 1 | London | April | 20 | Paris | April | 30 | Customer | One | 1000 |" time="0"/>
  <testcase name="When I submit username and password" classname="| 1 | London | April | 20 | Paris | April | 30 | Customer | One | 1000 |" time="0"/>
  <testcase name="Then I should be logged in" classname="| 1 | London | April | 20 | Paris | April | 30 | Customer | One | 1000 |" time="0"/>
  <testcase name="When I select number of passengers &quot;1&quot;" classname="| 1 | London | April | 20 | Paris | April | 30 | Customer | One | 1000 |" time="0"/>
  <testcase name="And I select Departing From as &quot;London&quot;" classname="| 1 | London | April | 20 | Paris | April | 30 | Customer | One | 1000 |" time="0"/>
  <testcase name="And I select Departure Month &quot;April&quot; and Day as &quot;20&quot;" classname="| 1 | London | April | 20 | Paris | April | 30 | Customer | One | 1000 |" time="0"/>
  <testcase name="And I select Arriving In as &quot;Paris&quot;" classname="| 1 | London | April | 20 | Paris | April | 30 | Customer | One | 1000 |" time="0.001"/>
  <testcase name="And I select Arrival Month &quot;April&quot; and Day as &quot;30&quot;" classname="| 1 | London | April | 20 | Paris | April | 30 | Customer | One | 1000 |" time="0"/>
  <testcase name="Then I click on the find Flights Continue button" classname="| 1 | London | April | 20 | Paris | April | 30 | Customer | One | 1000 |" time="0.001"/>
  <testcase name="Then I click on the reserve Flights Continue button" classname="| 1 | London | April | 20 | Paris | April | 30 | Customer | One | 1000 |" time="0"/>
  <testcase name="And I enter FirstName as &quot;Customer&quot; and LastName as &quot;One&quot;" classname="| 1 | London | April | 20 | Paris | April | 30 | Customer | One | 1000 |" time="0"/>
  <testcase name="And I enter Card Number as &quot;1000&quot;" classname="| 1 | London | April | 20 | Paris | April | 30 | Customer | One | 1000 |" time="0"/>
  <testcase name="And I click on the Secure Purchase button" classname="| 1 | London | April | 20 | Paris | April | 30 | Customer | One | 1000 |" time="0"/>
  <testcase name="Then I should see Flight confirmation page" classname="| 1 | London | April | 20 | Paris | April | 30 | Customer | One | 1000 |" time="0"/>
  <testcase name="| 1 | London | April | 20 | Paris | April | 30 | Customer | One | 1000 |" classname="| 1 | London | April | 20 | Paris | April | 30 | Customer | One | 1000 |" time="1.189"/>
  <testcase name="Given I navigate to the home page" classname="| 1 | Zurich | May | 20 | Portland | May | 30 | Customer | Two | 1001 |" time="0"/>
  <testcase name="When I submit username and password" classname="| 1 | Zurich | May | 20 | Portland | May | 30 | Customer | Two | 1001 |" time="0"/>
  <testcase name="Then I should be logged in" classname="| 1 | Zurich | May | 20 | Portland | May | 30 | Customer | Two | 1001 |" time="0"/>
  <testcase name="When I select number of passengers &quot;1&quot;" classname="| 1 | Zurich | May | 20 | Portland | May | 30 | Customer | Two | 1001 |" time="0"/>
  <testcase name="And I select Departing From as &quot;Zurich&quot;" classname="| 1 | Zurich | May | 20 | Portland | May | 30 | Customer | Two | 1001 |" time="0"/>
  <testcase name="And I select Departure Month &quot;May&quot; and Day as &quot;20&quot;" classname="| 1 | Zurich | May | 20 | Portland | May | 30 | Customer | Two | 1001 |" time="0"/>
  <testcase name="And I select Arriving In as &quot;Portland&quot;" classname="| 1 | Zurich | May | 20 | Portland | May | 30 | Customer | Two | 1001 |" time="0"/>
  <testcase name="And I select Arrival Month &quot;May&quot; and Day as &quot;30&quot;" classname="| 1 | Zurich | May | 20 | Portland | May | 30 | Customer | Two | 1001 |" time="0"/>
  <testcase name="Then I click on the find Flights Continue button" classname="| 1 | Zurich | May | 20 | Portland | May | 30 | Customer | Two | 1001 |" time="0"/>
  <testcase name="Then I click on the reserve Flights Continue button" classname="| 1 | Zurich | May | 20 | Portland | May | 30 | Customer | Two | 1001 |" time="0"/>
  <testcase name="And I enter FirstName as &quot;Customer&quot; and LastName as &quot;Two&quot;" classname="| 1 | Zurich | May | 20 | Portland | May | 30 | Customer | Two | 1001 |" time="0"/>
  <testcase name="And I enter Card Number as &quot;1001&quot;" classname="| 1 | Zurich | May | 20 | Portland | May | 30 | Customer | Two | 1001 |" time="0"/>
  <testcase name="And I click on the Secure Purchase button" classname="| 1 | Zurich | May | 20 | Portland | May | 30 | Customer | Two | 1001 |" time="0"/>
  <testcase name="Then I should see Flight confirmation page" classname="| 1 | Zurich | May | 20 | Portland | May | 30 | Customer | Two | 1001 |" time="0"/>
  <testcase name="| 1 | Zurich | May | 20 | Portland | May | 30 | Customer | Two | 1001 |" classname="| 1 | Zurich | May | 20 | Portland | May | 30 | Customer | Two | 1001 |" time="1.125"/>
</testsuite>